mobile/build/intermediates/manifest_merge_blame_file/debug/manifest-merger-blame-debug-report.txt
1<?xml version="1.0" encoding="utf-8"?>
2<manifest xmlns:android="http://schemas.android.com/apk/res/android"
3    package="com.defi.watchface.distance"
4    android:versionCode="1"
5    android:versionName="1.0" >
6
7    <uses-sdk
8        android:minSdkVersion="28"
9        android:targetSdkVersion="34" />
10
11    <permission
11-->[androidx.core:core:1.9.0] AndroidManifest.xml:22:5-24:47
12        android:name="com.defi.watchface.distance.DYNAMIC_RECEIVER_NOT_EXPORTED_PERMISSION"
12-->[androidx.core:core:1.9.0] AndroidManifest.xml:23:9-81
13        android:protectionLevel="signature" />
13-->[androidx.core:core:1.9.0] AndroidManifest.xml:24:9-44
14
15    <uses-permission android:name="com.defi.watchface.distance.DYNAMIC_RECEIVER_NOT_EXPORTED_PERMISSION" />
15-->[androidx.core:core:1.9.0] AndroidManifest.xml:26:5-97
15-->[androidx.core:core:1.9.0] AndroidManifest.xml:26:22-94
16
17    <application
17-->src\main\AndroidManifest.xml:4:5-30:19
18        android:appComponentFactory="androidx.core.app.CoreComponentFactory"
18-->[androidx.core:core:1.9.0] AndroidManifest.xml:28:18-86
19        android:debuggable="true"
20        android:extractNativeLibs="false"
21        android:icon="@android:mipmap/sym_def_app_icon"
21-->src\main\AndroidManifest.xml:6:9-56
22        android:label="Defi Cadran Companion"
22-->src\main\AndroidManifest.xml:5:9-46
23        android:theme="@style/Theme.AppCompat.Light" >
23-->src\main\AndroidManifest.xml:7:9-53
24        <meta-data
24-->src\main\AndroidManifest.xml:9:9-11:37
25            android:name="com.google.android.wearable.standalone"
25-->src\main\AndroidManifest.xml:10:13-66
26            android:value="false" />
26-->src\main\AndroidManifest.xml:11:13-34
27
28        <activity
28-->src\main\AndroidManifest.xml:13:9-20:20
29            android:name="com.defi.watchface.mobile.MainActivity"
29-->src\main\AndroidManifest.xml:14:13-41
30            android:exported="true" >
30-->src\main\AndroidManifest.xml:15:13-36
31            <intent-filter>
31-->src\main\AndroidManifest.xml:16:13-19:29
32                <action android:name="android.intent.action.MAIN" />
32-->src\main\AndroidManifest.xml:17:17-69
32-->src\main\AndroidManifest.xml:17:25-66
33
34                <category android:name="android.intent.category.LAUNCHER" />
34-->src\main\AndroidManifest.xml:18:17-77
34-->src\main\AndroidManifest.xml:18:27-74
35            </intent-filter>
36        </activity>
37
38        <service
38-->src\main\AndroidManifest.xml:22:9-29:19
39            android:name="com.defi.watchface.mobile.PhoneNotificationListenerService"
39-->src\main\AndroidManifest.xml:23:13-61
40            android:exported="true"
40-->src\main\AndroidManifest.xml:24:13-36
41            android:permission="android.permission.BIND_NOTIFICATION_LISTENER_SERVICE" >
41-->src\main\AndroidManifest.xml:25:13-87
42            <intent-filter>
42-->src\main\AndroidManifest.xml:26:13-28:29
43                <action android:name="android.service.notification.NotificationListenerService" />
43-->src\main\AndroidManifest.xml:27:17-99
43-->src\main\AndroidManifest.xml:27:25-96
44            </intent-filter>
45        </service>
46
47        <activity
47-->[com.google.android.gms:play-services-base:18.0.1] AndroidManifest.xml:20:9-22:45
48            android:name="com.google.android.gms.common.api.GoogleApiActivity"
48-->[com.google.android.gms:play-services-base:18.0.1] AndroidManifest.xml:20:19-85
49            android:exported="false"
49-->[com.google.android.gms:play-services-base:18.0.1] AndroidManifest.xml:22:19-43
50            android:theme="@android:style/Theme.Translucent.NoTitleBar" />
50-->[com.google.android.gms:play-services-base:18.0.1] AndroidManifest.xml:21:19-78
51
52        <meta-data
52-->[com.google.android.gms:play-services-basement:18.0.0] AndroidManifest.xml:21:9-23:69
53            android:name="com.google.android.gms.version"
53-->[com.google.android.gms:play-services-basement:18.0.0] AndroidManifest.xml:22:13-58
54            android:value="@integer/google_play_services_version" />
54-->[com.google.android.gms:play-services-basement:18.0.0] AndroidManifest.xml:23:13-66
55
56        <provider
56-->[androidx.emoji2:emoji2:1.2.0] AndroidManifest.xml:24:9-32:20
57            android:name="androidx.startup.InitializationProvider"
57-->[androidx.emoji2:emoji2:1.2.0] AndroidManifest.xml:25:13-67
58            android:authorities="com.defi.watchface.distance.androidx-startup"
58-->[androidx.emoji2:emoji2:1.2.0] AndroidManifest.xml:26:13-68
59            android:exported="false" >
59-->[androidx.emoji2:emoji2:1.2.0] AndroidManifest.xml:27:13-37
60            <meta-data
60-->[androidx.emoji2:emoji2:1.2.0] AndroidManifest.xml:29:13-31:52
61                android:name="androidx.emoji2.text.EmojiCompatInitializer"
61-->[androidx.emoji2:emoji2:1.2.0] AndroidManifest.xml:30:17-75
62                android:value="androidx.startup" />
62-->[androidx.emoji2:emoji2:1.2.0] AndroidManifest.xml:31:17-49
63            <meta-data
63-->[androidx.lifecycle:lifecycle-process:2.4.1] AndroidManifest.xml:31:13-33:52
64                android:name="androidx.lifecycle.ProcessLifecycleInitializer"
64-->[androidx.lifecycle:lifecycle-process:2.4.1] AndroidManifest.xml:32:17-78
65                android:value="androidx.startup" />
65-->[androidx.lifecycle:lifecycle-process:2.4.1] AndroidManifest.xml:33:17-49
66        </provider>
67    </application>
68
69</manifest>